$ polaris analyze -w
+-----------------------------------------------------------------------------------------------------------------------------+
| Black Duck Coverity on Polaris Platform (TM) CLI Scan Client.                                                               |
| Copyright ©2016-2024 Black Duck Software, Inc. All rights reserved. Black Duck® is a trademark of Black Duck Software, Inc. |
+-----------------------------------------------------------------------------------------------------------------------------+

[INFO] [c4frel3o] Black Duck Coverity on Polaris Platform CLI Scan Client version - 2024.12.0
[INFO] [c4frel3o] -------------------------------------------------------------------------------
[INFO] [c4frel3o] initialize
[INFO] [c4frel3o] -------------------------------------------------------------------------------
[INFO] [c4frel3o] Server: https://sipse.polaris.synopsys.com
[INFO] [c4frel3o] Checking for valid access token...
[INFO] [c4frel3o] Access token located in 'Windows Credential Manager' with access token name 'Polaris Access Token' and username 'polaris'
[INFO] [c4frel3o] Access token ok.
[INFO] [c4frel3o] Checking status...
[INFO] [c4frel3o] Status ok.
[INFO] [c4frel3o] Performing requested phase 'analyze' on behalf of 'giwoong' from 'sipse' organization
[INFO] [c4frel3o] initialize phase took 3.405s.
[INFO] [c4frel3o] -------------------------------------------------------------------------------
[INFO] [c4frel3o] setup
[INFO] [c4frel3o] -------------------------------------------------------------------------------
[INFO] [c4frel3o] Checking if configuration file 'polaris.yml' already exists...
[INFO] [c4frel3o] Configuration file already exists. Getting project name from local configuration file.
[INFO] [c4frel3o] Project name mecatro7/c-example-project found in local configuration.
[INFO] [c4frel3o] Using project name 'mecatro7/c-example-project', trying to fetch configuration from configuration service.
[INFO] [c4frel3o] Either the project doesn't exist or the user doesn't have access to the project.
[INFO] [c4frel3o] Local configuration will be used.
[INFO] [c4frel3o] Please review the capture build configurations in C:\Works\coverity\labs\c-example-project\polaris.yml file.
[INFO] [c4frel3o] setup phase took 0.82s.
[INFO] [c4frel3o] -------------------------------------------------------------------------------
[INFO] [c4frel3o] configure
[INFO] [c4frel3o] -------------------------------------------------------------------------------
[INFO] [c4frel3o] Loading configuration from configuration context.
[INFO] [c4frel3o] Project Directory is set to 'C:\Works\coverity\labs\c-example-project'
[INFO] [c4frel3o] Validating configuration file...
[INFO] [c4frel3o] The configuration file is valid.
[INFO] [c4frel3o] configure phase took 1.868s.
[INFO] [c4frel3o] ===============================================================================
[INFO] [c4frel3o] Executing COVERITY
[INFO] [c4frel3o] -------------------------------------------------------------------------------
[INFO] [c4frel3o] Coverity - install
[INFO] [c4frel3o] -------------------------------------------------------------------------------
[INFO] [c4frel3o] Looking for user installed Coverity analysis tools...
[INFO] [c4frel3o] Could not find existing installations
[INFO] [c4frel3o] Installing Coverity Capture tools version 2024.12.0 (if required)...
|0----------25-----------50----------75---------100|
****************************************************
[INFO] [c4frel3o] Extracting the tool to C:\Users\mecat\.blackduck\polaris\coverity-tools-win64-2024.12.0
[INFO] [c4frel3o] Coverity Capture tools installation successful.
[INFO] [c4frel3o] Coverity - install phase took 2m 35.628s.
[INFO] [c4frel3o] -------------------------------------------------------------------------------
[INFO] [c4frel3o] Coverity - capture
[INFO] [c4frel3o] -------------------------------------------------------------------------------
[INFO] [c4frel3o] Starting capture...
[INFO] [c4frel3o] Writing configuration to capture directory...
[INFO] [c4frel3o] Configuration written successfully.
[INFO] [c4frel3o] Starting Coverity capture...
[INFO] [c4frel3o] Running clean commands...
rm -rf test.out
[INFO] [c4frel3o] Running Coverity capture...
[INFO] [c4frel3o] Running Coverity build capture...
Coverity Build Capture (64-bit) version 2024.12.0 on Windows 10 Professional, 64-bit (build 19045)
Internal version numbers: 1698eb2daa p-2024.12-push-32

gcc -c test.c -o test.out
Attempting to detect unconfigured compilers in build
|0----------25-----------50----------75---------100|
****************************************************
Emitted 1 C/C++ compilation units (100%) successfully

1 C/C++ compilation units (100%) are ready for analysis
The cov-build utility completed successfully.

[INFO] [c4frel3o] Running Coverity file system capture...
Coverity Internal Polaris Capture version 2024.12.0 on Windows 10 Professional, 64-bit (build 19045)
Internal version numbers: 1698eb2daa p-2024.12-push-32

[INFO] Considering listed files for Java, JavaScript, PHP, Python, Ruby, TypeScript, and Web App Configuration.
[INFO] Finished considering listed files for Java, JavaScript, PHP, Python, Ruby, TypeScript, and Web App Configuration.
[INFO] Successfully found Configuration Files (Web App Configuration) files.
[INFO] Emitting files.
[INFO] Buildless capture started.
[INFO] Emitting 5 Files.
|0----------25-----------50----------75---------100|
****************************************************
[INFO] Buildless capture completed.

[INFO] Emitted Text data 5 compilation units (100%) successfully.
[INFO] [c4frel3o] 6 translation units were captured for Coverity analysis.
[INFO] [c4frel3o] Coverity capture successful.
[INFO] [c4frel3o] Capture completed successfully.
[INFO] [c4frel3o] Coverity - capture phase took 3m 5.093s.
[INFO] [c4frel3o] -------------------------------------------------------------------------------
[INFO] [c4frel3o] Coverity - prepare
[INFO] [c4frel3o] -------------------------------------------------------------------------------
[INFO] [c4frel3o] Preparing artifacts for submission...
[INFO] [c4frel3o] Preparing Coverity artifacts for analysis...
[INFO] [c4frel3o] Done.
[INFO] [c4frel3o] Artifacts are now ready to be submitted.
[INFO] [c4frel3o] Coverity - prepare phase took 0.069s.
[INFO] [c4frel3o] -------------------------------------------------------------------------------
[INFO] [c4frel3o] Coverity - analyze
[INFO] [c4frel3o] -------------------------------------------------------------------------------
[INFO] [c4frel3o] Project created in Portal with name mecatro7/c-example-project.
[INFO] [c4frel3o] Submitting Coverity data for analysis...
[INFO] [c4frel3o] Uploading ".polaris-coverity.zip": 640.93KB
|0----------25-----------50----------75---------100|
****************************************************
[INFO] [c4frel3o] Upload finished after 1.52s (421.61KB / second)
[INFO] [c4frel3o] Upload complete.
[INFO] [c4frel3o] Scheduled Coverity analysis job. Job ID is '971e3sm4f13ot141431jodbe28'
[INFO] [c4frel3o] Upload complete.
Saving CLI Scan Job details to C:\Works\coverity\labs\c-example-project\.blackduck\polaris\cli-scan.json
[INFO] [c4frel3o] Waiting for analysis job to finish...
Waiting for the analysis job to be started...
The analysis job has been started.
|0----------25-----------50----------75---------100|
****************************************************

[INFO] [c4frel3o] Coverity job completed successfully!

[INFO] [c4frel3o] Coverity - analyze phase took 39.295s.
Analysis Completed.
Coverity analysis
{
 "JobId": "971e3sm4f13ot141431jodbe28",
 "Status": "Success"
}
Job issue summary
{
 "IssuesBySeverity": {
  "Critical": 0,
  "High": 9,
  "Medium": 4,
  "Low": 0,
  "NotSpecified": 0
 },
 "Total": 13,
 "NewIssues": 13,
 "ClosedIssues": 0,
 "SummaryUrl": "https://sipse.polaris.synopsys.com/projects/f8fe1d5b-c071-4005-9af7-e04fdb33ffb2/branches/201cdb4e-cf1e-44df-83eb-87f8db9343d2"
}
